[2024-11-14 10:08:23]: 1062 (23000): Duplicate entry 'pfbid0egRiwYMBvLfvzmMSzLRfy9X3Rakq6JSdfCEmapF7jWmcToExU6VxhXLFCE' for key 'posts.post_id' 
[2024-11-14 10:08:43]: 1062 (23000): Duplicate entry 'pfbid02HmYC3VN21k7fJnraV9hmiXp9e4Pp4caFvDgArTt26KS76TKcV9TJwztPX' for key 'posts.post_id' 
[2024-11-14 10:09:04]: 1062 (23000): Duplicate entry 'pfbid02dEzKaFC7NcuvmM9R4w7XJPJVVTyMRkzxJjojYihyVpRcGipPs5YJenQrP' for key 'posts.post_id' 
[2024-11-14 10:11:30]: 1062 (23000): Duplicate entry 'pfbid02viEuEbd6nToaEXGridtqRkFi2zDRYQRTz7VpbDJWmcPnwogJ9Tnmg7roj' for key 'posts.post_id' 
[2024-11-14 10:11:49]: 1062 (23000): Duplicate entry 'pfbid0K2voKfodUFDxs4QBSsxcCEixr8AkKrEWQFBacW2M53GCMsM1RcKyKvtfkN' for key 'posts.post_id' 
[2024-11-14 10:18:34]: 1062 (23000): Duplicate entry 'pfbid06UVn1sisFM6TCm3V7WgV1VPNbutdyceE4bFJ5YeqzSDkV51xDdZNyDT6x8' for key 'posts.post_id' 
[2024-11-14 10:23:17]: 1062 (23000): Duplicate entry 'pfbid0KtBWy5BzAcfNkpPXNPuf7QEaAPDsVgftfSNq8CGvWGkfFUw13LZ4CmjTWJ' for key 'posts.post_id' 
[2024-11-14 10:24:48]: 1062 (23000): Duplicate entry 'pfbid02ZD4Vc8YrofrDLCt3tZmgcR3aPVDsPm3KiNaCmRLEqN4GKNbarydSntN6D' for key 'posts.post_id' 
[2024-11-14 10:26:38]: 1062 (23000): Duplicate entry 'pfbid02RJ3ugKQ6sEGDDg1SKLBAQcXK3zkZxW1QkvHZKEnp935fYMFfw4SUANqPL' for key 'posts.post_id' 
[2024-11-14 10:27:48]: 1062 (23000): Duplicate entry 'pfbid02ZD4Vc8YrofrDLCt3tZmgcR3aPVDsPm3KiNaCmRLEqN4GKNbarydSntN6D' for key 'posts.post_id' 
[2024-11-14 10:27:48]: 1062 (23000): Duplicate entry 'pfbid02vjmabSBwnUFoEzDN9EWnE8BvHro9iNPjMrWZQnzE3RTMEmx1dLUbxWCNH' for key 'posts.post_id' 
[2024-11-14 10:28:08]: 1062 (23000): Duplicate entry 'pfbid02bXNsccEeGQYk4qrnR31QTcK5ZSNXcaRHcWg2NSTx12Q9EXRn1zBYQrT4J' for key 'posts.post_id' 
[2024-11-14 10:28:08]: 1213 (40001): Deadlock found when trying to get lock; try restarting transaction 
[2024-11-14 10:28:36]: 1062 (23000): Duplicate entry 'pfbid0Qhyj9YTgVHFoM1rAbnKWf4vyjaPoBPZMiRbeUXs3WgAXXrtxq33ES386nQ' for key 'posts.post_id' 
[2024-11-14 10:28:37]: 1062 (23000): Duplicate entry 'pfbid0GcbNREyEWtCWJ2JYVuQrNuLLdcYScEMRxD5E8vnEzhWqm1KfC17r73SY15' for key 'posts.post_id' 
[2024-11-14 10:29:22]: 1062 (23000): Duplicate entry 'pfbid0P5BdSPiCpncNxDvFnCYDmDPFgD8qETbssY7NSBxfszcXCPV8K8FBV7ecLa' for key 'posts.post_id' 
[2024-11-14 10:31:58]: 1062 (23000): Duplicate entry 'pfbid02ZD4Vc8YrofrDLCt3tZmgcR3aPVDsPm3KiNaCmRLEqN4GKNbarydSntN6D' for key 'posts.post_id' 
[2024-11-14 10:32:18]: 1062 (23000): Duplicate entry 'pfbid02bXNsccEeGQYk4qrnR31QTcK5ZSNXcaRHcWg2NSTx12Q9EXRn1zBYQrT4J' for key 'posts.post_id' 
[2024-11-14 10:32:47]: 1062 (23000): Duplicate entry 'pfbid0Qhyj9YTgVHFoM1rAbnKWf4vyjaPoBPZMiRbeUXs3WgAXXrtxq33ES386nQ' for key 'posts.post_id' 
[2024-11-14 10:34:08]: 1062 (23000): Duplicate entry 'pfbid02WXYcVXonotzET5bNUkKV8xzxwSXFDUx9wAXPewbxB7D31992NpA1Xi8Ud' for key 'posts.post_id' 
[2024-11-14 10:35:17]: 1062 (23000): Duplicate entry 'pfbid02e1shLn2amtZ4YAhwSJNE6vNRZMY9S7L4sN7H3BVT4cNQAcugCzJQNgUy6' for key 'posts.post_id' 
[2024-11-14 10:35:36]: 1062 (23000): Duplicate entry 'pfbid02S77wffgxzm8daU5Ft4tUdZ1VMtZRH3uC8zYN2hoyeR62SfgSgQ1QDnBei' for key 'posts.post_id' 
[2024-11-14 10:36:06]: 1062 (23000): Duplicate entry 'pfbid0vbaaMTV1az1rBBtprXWnL8xpFBv3xhcynM2T6YNFCTnf8WzAtesHzX5UQN' for key 'posts.post_id' 
[2024-11-14 10:36:27]: 1062 (23000): Duplicate entry 'pfbid0egRiwYMBvLfvzmMSzLRfy9X3Rakq6JSdfCEmapF7jWmcToExU6VxhXLFCE' for key 'posts.post_id' 
[2024-11-14 10:36:48]: 1062 (23000): Duplicate entry 'pfbid02HmYC3VN21k7fJnraV9hmiXp9e4Pp4caFvDgArTt26KS76TKcV9TJwztPX' for key 'posts.post_id' 
[2024-11-14 10:37:08]: 1062 (23000): Duplicate entry 'pfbid02dEzKaFC7NcuvmM9R4w7XJPJVVTyMRkzxJjojYihyVpRcGipPs5YJenQrP' for key 'posts.post_id' 
[2024-11-14 10:37:12]: 1062 (23000): Duplicate entry 'pfbid02WkS56gWJCBsF6LSVGjokymMiPFWBLoJpbLHJGxXoTGaKGfz2fEnoLmzsV' for key 'posts.post_id' 
[2024-11-14 10:37:38]: 1062 (23000): Duplicate entry 'pfbid02agnq7E1waGxiWzU2TRVhYbns8saNwv8peRiz4amHuiAg2qFP3UDJQEMLK' for key 'posts.post_id' 
[2024-11-14 10:39:09]: 1062 (23000): Duplicate entry 'pfbid02JoAdcuos4f9sB5td1K5YNc1v2H1fZiXraBowa4aBgMekcQMaJRSBtkyZB' for key 'posts.post_id' 
[2024-11-14 10:39:31]: 1062 (23000): Duplicate entry 'pfbid02viEuEbd6nToaEXGridtqRkFi2zDRYQRTz7VpbDJWmcPnwogJ9Tnmg7roj' for key 'posts.post_id' 
[2024-11-14 10:39:50]: 1062 (23000): Duplicate entry 'pfbid0K2voKfodUFDxs4QBSsxcCEixr8AkKrEWQFBacW2M53GCMsM1RcKyKvtfkN' for key 'posts.post_id' 
[2024-11-14 10:46:33]: 1062 (23000): Duplicate entry 'pfbid06UVn1sisFM6TCm3V7WgV1VPNbutdyceE4bFJ5YeqzSDkV51xDdZNyDT6x8' for key 'posts.post_id' 
[2024-11-14 10:49:58]: 1062 (23000): Duplicate entry 'pfbid02RmF7znKz2tpvhe8biWCbKjdeLHsSZhG9QMApEC54jUwsZsFtKL7CUGfjn' for key 'posts.post_id' 
[2024-11-14 10:50:07]: 1062 (23000): Duplicate entry 'pfbid02nspMPJAsqccs6Z86nGTHDdXE5H9YL8wNT2ge2rvi33giMHVVtX9cDsSZZ' for key 'posts.post_id' 
[2024-11-14 10:50:28]: 1062 (23000): Duplicate entry 'pfbid02Nhzm962s8LzGKs76WMCNqsFR2CCwy24qrPLxXEqmy2GGEB6iFda8jhzYQ' for key 'posts.post_id' 
[2024-11-14 10:50:33]: 1062 (23000): Duplicate entry 'pfbid0KtBWy5BzAcfNkpPXNPuf7QEaAPDsVgftfSNq8CGvWGkfFUw13LZ4CmjTWJ' for key 'posts.post_id' 
[2024-11-14 10:50:48]: 1062 (23000): Duplicate entry 'pfbid0KtBWy5BzAcfNkpPXNPuf7QEaAPDsVgftfSNq8CGvWGkfFUw13LZ4CmjTWJ' for key 'posts.post_id' 
[2024-11-14 10:50:57]: 1062 (23000): Duplicate entry 'pfbid0381B3MEQe4G49wF8J8QNa3JMe7s789ergPQkGHw19dahzXf1RaUE9iRiZw' for key 'posts.post_id' 
[2024-11-14 10:51:36]: 1062 (23000): Duplicate entry 'pfbid02QK9oEjBXBpRZfNFVMwzxDj1GpBRdQxGdjbHKQrXEjfq9JPu7m7Qdj2UM9' for key 'posts.post_id' 
[2024-11-14 10:51:55]: 1062 (23000): Duplicate entry 'pfbid0vigJEdYMvwRcEkpZJpd4WKJ7gJ7NikSz9sG6Mu325PRhzmAQUKgiX5wDrJ' for key 'posts.post_id' 
[2024-11-14 10:52:23]: 1062 (23000): Duplicate entry 'pfbid02s4ov8ETRTijNs2T83AvGi48rAzpzsSgNQzfJKMAhEa6mL4etcy89ryQh4' for key 'posts.post_id' 
[2024-11-14 10:54:31]: 1062 (23000): Duplicate entry 'pfbid02RJ3ugKQ6sEGDDg1SKLBAQcXK3zkZxW1QkvHZKEnp935fYMFfw4SUANqPL' for key 'posts.post_id' 
[2024-11-14 11:26:33]: 1062 (23000): Duplicate entry 'pfbid0VfRJgxvVxUAByACxx8ShUGsTvvvthwYKVqN5dHyaWjktQWhFe2pZMNtnX3' for key 'posts.post_id' 
[2024-11-14 11:26:53]: 1062 (23000): Duplicate entry 'pfbid02bXNsccEeGQYk4qrnR31QTcK5ZSNXcaRHcWg2NSTx12Q9EXRn1zBYQrT4J' for key 'posts.post_id' 
[2024-11-14 11:27:22]: 1062 (23000): Duplicate entry 'pfbid0Qhyj9YTgVHFoM1rAbnKWf4vyjaPoBPZMiRbeUXs3WgAXXrtxq33ES386nQ' for key 'posts.post_id' 
[2024-11-14 11:29:11]: 1062 (23000): Duplicate entry 'pfbid02KcZfksN3yhotWBR7PnhbuyoC9HvvZ3kWq5Cvg3c1jmDZ6uHdG9chEUv3A' for key 'posts.post_id' 
[2024-11-14 11:29:40]: 1062 (23000): Duplicate entry 'pfbid02e1shLn2amtZ4YAhwSJNE6vNRZMY9S7L4sN7H3BVT4cNQAcugCzJQNgUy6' for key 'posts.post_id' 
[2024-11-14 11:29:59]: 1062 (23000): Duplicate entry 'pfbid02S77wffgxzm8daU5Ft4tUdZ1VMtZRH3uC8zYN2hoyeR62SfgSgQ1QDnBei' for key 'posts.post_id' 
[2024-11-14 11:30:41]: 1062 (23000): Duplicate entry 'pfbid0egRiwYMBvLfvzmMSzLRfy9X3Rakq6JSdfCEmapF7jWmcToExU6VxhXLFCE' for key 'posts.post_id' 
[2024-11-14 11:31:03]: 1062 (23000): Duplicate entry 'pfbid02HmYC3VN21k7fJnraV9hmiXp9e4Pp4caFvDgArTt26KS76TKcV9TJwztPX' for key 'posts.post_id' 
[2024-11-14 11:31:23]: 1062 (23000): Duplicate entry 'pfbid02dEzKaFC7NcuvmM9R4w7XJPJVVTyMRkzxJjojYihyVpRcGipPs5YJenQrP' for key 'posts.post_id' 
[2024-11-14 11:33:50]: 1062 (23000): Duplicate entry 'pfbid02viEuEbd6nToaEXGridtqRkFi2zDRYQRTz7VpbDJWmcPnwogJ9Tnmg7roj' for key 'posts.post_id' 
[2024-11-14 11:34:08]: 1062 (23000): Duplicate entry 'pfbid0K2voKfodUFDxs4QBSsxcCEixr8AkKrEWQFBacW2M53GCMsM1RcKyKvtfkN' for key 'posts.post_id' 
[2024-11-14 11:40:59]: 1062 (23000): Duplicate entry 'pfbid06UVn1sisFM6TCm3V7WgV1VPNbutdyceE4bFJ5YeqzSDkV51xDdZNyDT6x8' for key 'posts.post_id' 
[2024-11-14 11:45:17]: 1062 (23000): Duplicate entry 'pfbid02RmF7znKz2tpvhe8biWCbKjdeLHsSZhG9QMApEC54jUwsZsFtKL7CUGfjn' for key 'posts.post_id' 
[2024-11-14 11:45:48]: 1062 (23000): Duplicate entry 'pfbid02PjdE9k7p22wRQquBNnk5nppPZuTs6ZegpiYeBcUYxtY7Bfgz7hFaUeE4r' for key 'posts.post_id' 
[2024-11-14 11:45:58]: 1062 (23000): Duplicate entry 'pfbid02PjdE9k7p22wRQquBNnk5nppPZuTs6ZegpiYeBcUYxtY7Bfgz7hFaUeE4r' for key 'posts.post_id' 
[2024-11-14 11:49:14]: 1062 (23000): Duplicate entry 'pfbid02RJ3ugKQ6sEGDDg1SKLBAQcXK3zkZxW1QkvHZKEnp935fYMFfw4SUANqPL' for key 'posts.post_id' 
[2024-11-14 11:50:47]: 1062 (23000): Duplicate entry 'pfbid02vjmabSBwnUFoEzDN9EWnE8BvHro9iNPjMrWZQnzE3RTMEmx1dLUbxWCNH' for key 'posts.post_id' 
[2024-11-14 11:51:07]: 1062 (23000): Duplicate entry 'pfbid0GcbNREyEWtCWJ2JYVuQrNuLLdcYScEMRxD5E8vnEzhWqm1KfC17r73SY15' for key 'posts.post_id' 
[2024-11-14 11:51:17]: 1062 (23000): Duplicate entry 'pfbid0GcbNREyEWtCWJ2JYVuQrNuLLdcYScEMRxD5E8vnEzhWqm1KfC17r73SY15' for key 'posts.post_id' 
[2024-11-14 11:56:47]: 1062 (23000): Duplicate entry 'pfbid02zT2HY8QqSXhneFS7upr5TCMW5sreaBkwJrnTpc4rMeMJTNgCCqp2ZqscT' for key 'posts.post_id' 
[2024-11-14 11:58:19]: 1062 (23000): Duplicate entry 'pfbid02WkS56gWJCBsF6LSVGjokymMiPFWBLoJpbLHJGxXoTGaKGfz2fEnoLmzsV' for key 'posts.post_id' 
[2024-11-14 11:58:41]: 1062 (23000): Duplicate entry 'pfbid02agnq7E1waGxiWzU2TRVhYbns8saNwv8peRiz4amHuiAg2qFP3UDJQEMLK' for key 'posts.post_id' 
[2024-11-14 12:00:01]: 1062 (23000): Duplicate entry 'pfbid02JoAdcuos4f9sB5td1K5YNc1v2H1fZiXraBowa4aBgMekcQMaJRSBtkyZB' for key 'posts.post_id' 
[2024-11-14 12:09:03]: 1062 (23000): Duplicate entry 'pfbid02nspMPJAsqccs6Z86nGTHDdXE5H9YL8wNT2ge2rvi33giMHVVtX9cDsSZZ' for key 'posts.post_id' 
[2024-11-14 12:09:23]: 1062 (23000): Duplicate entry 'pfbid02Nhzm962s8LzGKs76WMCNqsFR2CCwy24qrPLxXEqmy2GGEB6iFda8jhzYQ' for key 'posts.post_id' 
[2024-11-14 12:09:52]: 1062 (23000): Duplicate entry 'pfbid0381B3MEQe4G49wF8J8QNa3JMe7s789ergPQkGHw19dahzXf1RaUE9iRiZw' for key 'posts.post_id' 
[2024-11-14 12:10:30]: 1062 (23000): Duplicate entry 'pfbid02QK9oEjBXBpRZfNFVMwzxDj1GpBRdQxGdjbHKQrXEjfq9JPu7m7Qdj2UM9' for key 'posts.post_id' 
[2024-11-14 12:10:49]: 1062 (23000): Duplicate entry 'pfbid0vigJEdYMvwRcEkpZJpd4WKJ7gJ7NikSz9sG6Mu325PRhzmAQUKgiX5wDrJ' for key 'posts.post_id' 
[2024-11-14 12:11:17]: 1062 (23000): Duplicate entry 'pfbid0oXAjD4q4cgJ1p5oq9p5gAYkwkCAMiKj1P41ckgtNPiMnPE9tSqxHLmeQ8P' for key 'posts.post_id' 
[2024-11-14 12:16:43]: 1062 (23000): Duplicate entry 'pfbid02PVs6UyP7CtB3c6xH2o9oFUvecFQsPqDhHf4BNTno3L5x6isczy8iF1ojb' for key 'posts.post_id' 
[2024-11-14 12:16:53]: 1062 (23000): Duplicate entry 'pfbid02PVs6UyP7CtB3c6xH2o9oFUvecFQsPqDhHf4BNTno3L5x6isczy8iF1ojb' for key 'posts.post_id' 
[2024-11-14 12:17:26]: 1062 (23000): Duplicate entry 'pfbid02cdpjkDonH4jGHGWRz9A7CPcCcdFWjm6yzZ3DJqF9sKpRnJuDTuavy1LPD' for key 'posts.post_id' 
[2024-11-14 12:19:41]: 1062 (23000): Duplicate entry 'pfbid02ivUZVhEAGPZ2tR8tdLAyr6TzAQZDTK3SioPFgzkCTTVDTNDhwMrnUQBX8' for key 'posts.post_id' 
[2024-11-14 12:22:29]: 1062 (23000): Duplicate entry 'pfbid0SFRQEHwzywJ69daVF3yzc2ZExTJfa94kmnxTCvvDBtqu1dDvEQkCokC9PS' for key 'posts.post_id' 
[2024-11-14 12:23:05]: 1062 (23000): Duplicate entry 'pfbid0BrjDTJWXTKFJr99YuQVHboJnpnX6yqP1zAriDa5RfAqb88QQjHr4DtErWD' for key 'posts.post_id' 
[2024-11-14 12:24:45]: 1062 (23000): Duplicate entry 'pfbid034ZKUpMF596tqbC7HLfxYL6dEY7ipLUF233WFzZBFBTMi7yjspXpn3fQ3N' for key 'posts.post_id' 
[2024-11-14 12:25:36]: 1062 (23000): Duplicate entry 'pfbid02FsLznzqRHotjf4SAu1zM5YBXmqYEzkqWmwNNmY6wNjugUYBZ7i64RrRaD' for key 'posts.post_id' 
[2024-11-14 12:26:20]: 1062 (23000): Duplicate entry 'pfbid0goHfAJnYVi6X6vTk13yaLjKQGDAsCrsxj1Y9ndgZE1qnS9NZqgnH5Rhw5J' for key 'posts.post_id' 
[2024-11-14 12:27:20]: 1062 (23000): Duplicate entry 'pfbid02dijEExXy29T5VFHsZWBFhNPB4MSzQuoF9YLuWUqEJtCXuQVvht3NBDvfV' for key 'posts.post_id' 
[2024-11-14 12:27:42]: 1062 (23000): Duplicate entry 'pfbid0L3TwwXyvv8P7aJnB5pnQqUBSk1ZnaCWH8cu45qiNfbk2UtY8evcVaXvcAU' for key 'posts.post_id' 
[2024-11-14 12:32:35]: 1062 (23000): Duplicate entry 'pfbid04zL8RCsnbvtKpDh7SR62J3wmtUyAbrg3A38WgK24aE1r9neKhuzmki44V2' for key 'posts.post_id' 
[2024-11-14 12:49:19]: 1062 (23000): Duplicate entry 'pfbid02P8MHWHLc9tNzxq26rMFMAdC8BTa4i3hHcNsxLt3hwEMTNXfrfukNtJbPz' for key 'posts.post_id' 
[2024-11-14 12:49:39]: 1062 (23000): Duplicate entry 'pfbid02XY5jgALzR2W5rZenRwePpgwh3qbhUfPKB3vb5dpGfDB6vpzoqT691YkVw' for key 'posts.post_id' 
[2024-11-14 12:49:59]: 1062 (23000): Duplicate entry 'pfbid0NKcK8mDEFB9tX61iFTpv3YFKLgaRi8g9fqqkM2PBff8D5mnwABoPCaD5G4' for key 'posts.post_id' 
[2024-11-14 12:50:18]: 1062 (23000): Duplicate entry 'pfbid02D5w3aDhRKZ44EC3e3Xr7DAvQNfkkhduUjqRpBC7pautEvaKJgJ3h6gY5m' for key 'posts.post_id' 
[2024-11-14 12:51:10]: 1062 (23000): Duplicate entry 'pfbid0s3wJXqKPU7qt2H14zQ7nzVmsPwCo4o2LzRPTbZgC8mS4sYvRaC4ysEtFnK' for key 'posts.post_id' 
[2024-11-14 12:51:34]: 1062 (23000): Duplicate entry 'pfbid0PGYQghqsDQVv3o8qgVRMLEn6WeKtoSvD4kUecbZ3no9Mw2T1uYqaUEqKRF' for key 'posts.post_id' 
[2024-11-14 12:54:43]: 1062 (23000): Duplicate entry 'pfbid02imjpsUrBzisAXtkXnbYCEn1z4qTFGuYNjRtYhhN7uG31qgmwdj5vrhNns' for key 'posts.post_id' 
[2024-11-14 12:54:52]: 1062 (23000): Duplicate entry 'pfbid02imjpsUrBzisAXtkXnbYCEn1z4qTFGuYNjRtYhhN7uG31qgmwdj5vrhNns' for key 'posts.post_id' 
[2024-11-14 12:55:13]: 1062 (23000): Duplicate entry 'pfbid02GWUbWfoh6cKEPiLukycATfy6DSiLYjX3L3j69Xmt5ZLDxGf2RnTYMQPjG' for key 'posts.post_id' 
[2024-11-14 12:55:33]: 1062 (23000): Duplicate entry 'pfbid02D6hQgscwf4itA7ikbADbENAv7wEfXGWHsHps8waQbBeLjw96USysG7Enk' for key 'posts.post_id' 
[2024-11-14 12:55:43]: 1062 (23000): Duplicate entry 'pfbid02D6hQgscwf4itA7ikbADbENAv7wEfXGWHsHps8waQbBeLjw96USysG7Enk' for key 'posts.post_id' 
[2024-11-14 12:56:51]: 1062 (23000): Duplicate entry 'pfbid0LxyhWqoVpMd2eiZ6sZNNojE1tEgRbWEx5Nx8JD3vov7Miz6DcS1zCZuC2m' for key 'posts.post_id' 
[2024-11-14 12:57:17]: 1062 (23000): Duplicate entry 'pfbid035BgjrbvvT3MH35uidb45gLycCrgN6KuFLbdCwM5pjBZonP3wTZ61z55MQ' for key 'posts.post_id' 
[2024-11-14 12:58:12]: 1062 (23000): Duplicate entry 'pfbid0EhrXgyJrzRtgmPXyU84amQUcacYKdii9UbufM6GXxDCsPFByZSh1D8W3wS' for key 'posts.post_id' 
[2024-11-14 12:59:32]: 1062 (23000): Duplicate entry 'pfbid034H9zj7uKuKJiY8Jo1smQwdtHVnTqa4Vf63AWpFbg25bTb2VPNcuyev72i' for key 'posts.post_id' 
[2024-11-14 13:01:57]: 1062 (23000): Duplicate entry 'pfbid02idYmAHF6NN5TTLPZwTdMZ8QHhum3Xn2eqngAtMe8jpoX4Bd33NaNUjPbM' for key 'posts.post_id' 
[2024-11-14 13:05:21]: 1062 (23000): Duplicate entry 'pfbid0354v3ZGmzjP6eFGnZpfqCUFEtfWKjs232rX4NwkHpZPazcb8WWDjFh82fp' for key 'posts.post_id' 
[2024-11-14 13:06:43]: 1062 (23000): Duplicate entry 'pfbid0zM8GuAv4u7SrVRHSeFbC9yf9gQJYwqrbMfsNWjLzdFGfA6WDtekxYqyTCM' for key 'posts.post_id' 
[2024-11-14 13:09:32]: 1062 (23000): Duplicate entry 'pfbid031yNcnrMQeo1DLryFunBAFRYmVzezSqyvnC4Um8u9eU9DVduor1NcYbx9r' for key 'posts.post_id' 
[2024-11-14 13:09:52]: 1062 (23000): Duplicate entry 'pfbid0PjWxEmGCXHcpGLm6w6FUViXHN23JbXtUVWqFoXnQ6eqw8bZnWWQc2eGdFx' for key 'posts.post_id' 
[2024-11-14 13:10:13]: 1062 (23000): Duplicate entry 'pfbid0ds8zkYug6bWJ1VRiAdMJKNf4EfVZ6FCeeHsPDSq7pdJJdz8VUSF8TsAeBj' for key 'posts.post_id' 
[2024-11-14 13:13:35]: 1062 (23000): Duplicate entry 'pfbid0GC8WfquiZdveKiu32Ey98PCrVPxQTBBUrA4FLe4hv9jGLejLxDb3cKNDe7' for key 'posts.post_id' 
[2024-11-14 13:18:14]: 1062 (23000): Duplicate entry 'pfbid02DUYFFQZsLK5sb2dkQmtGRwpPU8M3dmwgzLJg9RnoJb8Zewud6FGsX4LbS' for key 'posts.post_id' 
[2024-11-14 13:18:25]: 1062 (23000): Duplicate entry 'pfbid02DUYFFQZsLK5sb2dkQmtGRwpPU8M3dmwgzLJg9RnoJb8Zewud6FGsX4LbS' for key 'posts.post_id' 
[2024-11-14 13:19:26]: 1062 (23000): Duplicate entry 'pfbid0s8615XzpkBmhKt2fr9esoBG3CaRUGAFP5A6z26vTN9N3K25w8c6f6BrKtj' for key 'posts.post_id' 
[2024-11-14 13:20:32]: 1062 (23000): Duplicate entry 'pfbid0AHsAxga33xEr7WfpyR7aNactKmdR8zGT3NkYM7SyrzkEujjWtiwryf2zpY' for key 'posts.post_id' 
[2024-11-14 13:21:20]: 1062 (23000): Duplicate entry 'pfbid07wF759PyfGpszuRdkuB7mMXP1bvpH9195WJg1gmhTvn58echcWCziFPYhg' for key 'posts.post_id' 
[2024-11-14 13:21:39]: 1062 (23000): Duplicate entry 'pfbid0FEsSQXereYq1i81Wu8J5w8RawsmpumEQeaAXfxyvsoquBVi35A4WqzFvNa' for key 'posts.post_id' 
[2024-11-14 13:21:59]: 1062 (23000): Duplicate entry 'pfbid0zjQSzWt6HcUvVc8B772QNUGfHt8DHLfjcd9cSAXsKmpjaaDC1cxyiAbq1Q' for key 'posts.post_id' 
[2024-11-14 13:22:18]: 1062 (23000): Duplicate entry 'pfbid027uVhUgRRNnGHTvDJDJhkoS5VSm4vy3rmZYf1GSMqv5kCiFXjZpmkEdyfh' for key 'posts.post_id' 
[2024-11-14 13:25:40]: 1062 (23000): Duplicate entry 'pfbid0MBkmsKU2bhWgqBBR7aHRSYo7UFd5FPLgATFawEaY2YCuiemQbYzweyG4p2' for key 'posts.post_id' 
[2024-11-14 13:28:32]: 1062 (23000): Duplicate entry 'pfbid05aBj62qvQ1rF5JsUC6c3Rp1pe77SH2ZqzCumAWutbmPAVHnffC4K7teyR4' for key 'posts.post_id' 
[2024-11-14 13:28:53]: 1062 (23000): Duplicate entry 'pfbid02oWwyYCnFV9VChDgBXFsC667ZD8Yq8aTfesCDRrYpxc5ksT5bwMaEVd6di' for key 'posts.post_id' 
[2024-11-14 13:29:14]: 1062 (23000): Duplicate entry 'pfbid0Z56A8ZMUU77rzJZ7ABs314skhEkesx3eYg2xaigpb9JMuEvUtQ6JTiYoFB' for key 'posts.post_id' 
[2024-11-14 13:31:14]: 1062 (23000): Duplicate entry 'pfbid0pmTxdETsCCxdr918VMcGfsSEs4jbwBV88k8hTNK8jmSHSmotkXDW2hkjJQ' for key 'posts.post_id' 
[2024-11-14 13:31:32]: 1062 (23000): Duplicate entry 'pfbid02GgxgG8G4DkiydRiZHCaEnLoRVBQ2oMAn88sDdEaR9BcB7D19qMp8byHZf' for key 'posts.post_id' 
[2024-11-14 13:31:53]: 1062 (23000): Duplicate entry 'pfbid043HhV4VNhpLd9gmcnS5iENzmTZzQ9Wn7UxXcG1vSiLLxVyD7k2UJdE3kDg' for key 'posts.post_id' 
[2024-11-14 13:34:49]: 1062 (23000): Duplicate entry 'pfbid02Wx1VgAWQbn51dTHRN9RXNkDG2P8USqi2uyaqwCnAJiZhjKfduJG9y9ZFq' for key 'posts.post_id' 
[2024-11-14 13:35:07]: 1062 (23000): Duplicate entry 'pfbid02ehC19jjSz4ZqSaQ9XegQ6EzmWHhgs5Lb4TJdQzgvzCJXY666P7ffHxSty' for key 'posts.post_id' 
[2024-11-14 13:35:27]: 1062 (23000): Duplicate entry 'pfbid0tDeXJitku4fozTpnxWLZc4u1xWcfBU93MjqgdNT8J4R9EWPSNpnLfjTeBn' for key 'posts.post_id' 
[2024-11-14 13:35:47]: 1062 (23000): Duplicate entry 'pfbid08DBtxjb5Cjq998FmkLemsNBHg6kbJcVbLPAokCHRxWP9PoHq8wD5BbzL24' for key 'posts.post_id' 
[2024-11-14 13:36:39]: 1062 (23000): Duplicate entry 'pfbid02hkDhF2X231LiKwkFF8ozYh6uwjs3bP8XKCutTU1X66D2wKrVDwC3St8HL' for key 'posts.post_id' 
[2024-11-14 13:36:49]: 1062 (23000): Duplicate entry 'pfbid02hkDhF2X231LiKwkFF8ozYh6uwjs3bP8XKCutTU1X66D2wKrVDwC3St8HL' for key 'posts.post_id' 
[2024-11-14 13:37:44]: 1062 (23000): Duplicate entry 'pfbid0qz89s88x1b3Jm2PYdr2zCMrLER9V9Pjm9YnPpkGk3hzPz8DoXqEmpZk15n' for key 'posts.post_id' 
[2024-11-14 13:38:05]: 1062 (23000): Duplicate entry 'pfbid0284zmnK5p9CKDKnNKrJ9foBGmGFU9WETQD33SWgTtjXLHgSYvXJPhEWZ7P' for key 'posts.post_id' 
[2024-11-14 13:38:26]: 1062 (23000): Duplicate entry 'pfbid0tqaSpAZWVJYiYzMXRbYR9mWrLJJjHariy6SqYymngjA1WWc8vdYYB3XFPP' for key 'posts.post_id' 
[2024-11-14 13:38:47]: 1062 (23000): Duplicate entry 'pfbid02S4HH9dhvhPsoRhfibfh7ja34XFmmYNjWdsH7uu2DZcSf9gmAFVnz9Hs3b' for key 'posts.post_id' 
[2024-11-14 13:40:16]: 1062 (23000): Duplicate entry 'pfbid036NNwe5fAPsqsi7ZPZDakTetVUoM5KMMck7P1SDrRBwW58MUnH6X8GCiaP' for key 'posts.post_id' 
[2024-11-14 13:41:01]: 1062 (23000): Duplicate entry 'pfbid0BtUZaYavJoAmXiphZZEY7gzva7SDheRvbWD7tQhgcZp3nhagF7nDmVm3hv' for key 'posts.post_id' 
[2024-11-14 13:41:44]: 1062 (23000): Duplicate entry 'pfbid0wxyZ62pGMMYLEf5iP5qZLk3zV7NvFyuK6Y6wgiv4KQiBsMCoeSbsn3i1Fm' for key 'posts.post_id' 
[2024-11-14 13:44:16]: 1062 (23000): Duplicate entry 'pfbid02nJqTDKt3K9RHZNnHmacNsqxh1KnnxHJ6Zd7MFY2tMQrESnk95kjVoPUNP' for key 'posts.post_id' 
[2024-11-14 13:44:57]: 1062 (23000): Duplicate entry 'pfbid02tZV9zhydYfP4yN2ezgKKUC7K8ctrAX9EG2Pw6YG29Zsfjz61mxmXDW87j' for key 'posts.post_id' 
[2024-11-14 13:45:18]: 1062 (23000): Duplicate entry 'pfbid02Zkx6pYa9jGp82diZU2UpmZtoMTTk3pRsE7vkqCYVGou735eCb2WmJLTZx' for key 'posts.post_id' 
[2024-11-14 13:45:39]: 1062 (23000): Duplicate entry 'pfbid0LBKz4tgbvHYqChDvzvqBLHZYN8krQt7kjhC4tjoVANVeEquCPp6B7iASyN' for key 'posts.post_id' 
[2024-11-14 13:45:59]: 1062 (23000): Duplicate entry 'pfbid0BrBZyXNkepcdG8iMT9P9WAAycvwADXTe9srexh3D7rVduKZJhP7m38prGv' for key 'posts.post_id' 
[2024-11-14 13:46:52]: 1062 (23000): Duplicate entry 'pfbid02ed3Jc341hypxde1bWpjfQQ8rbM7pVG8hFgYhPP9QwfEwtQNxMZNUxumAT' for key 'posts.post_id' 
[2024-11-14 13:48:51]: 1062 (23000): Duplicate entry 'pfbid0CJcSca2DKRfdLVxRmdhWG7tatG7BQJWng14gJj4583ktHo9rtNnM1VVnd9' for key 'posts.post_id' 
[2024-11-14 13:49:55]: 1062 (23000): Duplicate entry 'pfbid0wPzc3bFE9LUgD2Rh5GAh8ExpQSEC6jQQuWTBzc4a4iPHUJgqJoWQr9kFdg' for key 'posts.post_id' 
[2024-11-14 13:50:14]: 1062 (23000): Duplicate entry 'pfbid02JnWekvvKLN6eXU4rKUeH6622LJJ4dT1WnLLFTBnTeJ6xuthTj2ubr6rzb' for key 'posts.post_id' 
[2024-11-14 13:50:33]: 1062 (23000): Duplicate entry 'pfbid02RLTG6n19J2EykheoZDhMDfdGzd32qkhfkqi5gWPMAS1QCQXcBbYcxbrLG' for key 'posts.post_id' 
[2024-11-14 13:50:43]: 1062 (23000): Duplicate entry 'pfbid02RLTG6n19J2EykheoZDhMDfdGzd32qkhfkqi5gWPMAS1QCQXcBbYcxbrLG' for key 'posts.post_id' 
[2024-11-14 13:51:43]: 1062 (23000): Duplicate entry 'pfbid02Dx4TiUm5HGLjAuqrgoc6yDmddfYSS1L6rYTZ4tigfjHjxjGwUogkh5Q2D' for key 'posts.post_id' 
[2024-11-14 13:52:04]: 1062 (23000): Duplicate entry 'pfbid02AJX7ngCXBurcDDbJr44b5i3casZm24eyapRAhmFFtHQMVRv2Cuu5RMofv' for key 'posts.post_id' 
[2024-11-14 13:52:54]: 1062 (23000): Duplicate entry 'pfbid0Dvy9vSUPbGcZc7gFsCG3K2pTQpAUiN34J4pYmq6c4EHAVDCrKKoNRng4gp' for key 'posts.post_id' 
[2024-11-14 13:53:24]: 1062 (23000): Duplicate entry 'pfbid0xGSzuDw73vf6UsjnEAYW2oEQ58rGGBQ8EEHSgmD5FU42seH3gacXhNzoE2' for key 'posts.post_id' 
[2024-11-14 13:55:27]: 1062 (23000): Duplicate entry 'pfbid031N6hadDJdGzrpoLtyEWTrSwXTLgEuSPQw4MijtbMhCG2ERJjfuC5GoEQ9' for key 'posts.post_id' 
[2024-11-14 13:55:48]: 1062 (23000): Duplicate entry 'pfbid0q1LQEyKF6k4xjFpFsmw1kAkscGhoQNL76MYndVS1ghrX7jjTG3LHnZGt1B' for key 'posts.post_id' 
[2024-11-14 13:58:44]: 1062 (23000): Duplicate entry 'pfbid028niTSy2pcyAyNPgB445QqEiT3AwFWu4t3NWEoJzSJxv7RdRuGkaaQmuoi' for key 'posts.post_id' 
[2024-11-14 13:59:04]: 1062 (23000): Duplicate entry 'pfbid0Em2CMcZE5D7JDQE4i5rofh44mTdjJJBSb7rE89VHdDKkUdK18sExEcFqap' for key 'posts.post_id' 
[2024-11-14 14:04:03]: 1062 (23000): Duplicate entry 'pfbid028SHwRqFsBCP1XZEMQHtQAV5CUugxDAbRyqgTV1xWkupB39PuGXKwa7qry' for key 'posts.post_id' 
[2024-11-14 14:05:00]: 1062 (23000): Duplicate entry 'pfbid021kNuhxSPcBQfr7ysDXJnTEGaFZepVonR7ig4s6XKdrJQHWqKUwaQGTRqk' for key 'posts.post_id' 
[2024-11-14 14:05:19]: 1062 (23000): Duplicate entry 'pfbid02RoKUGdfhfzP92xBYVzWsSX4Xa5HS8MYo39vCsGw68pLLBX7JVn9asN1sL' for key 'posts.post_id' 
[2024-11-14 14:06:06]: 1062 (23000): Duplicate entry 'pfbid031pkEz5NK9eGschDC3DS7opUK6BCP6RPkeDxxkHfC7FYgeLJxkCiAzHVci' for key 'posts.post_id' 
[2024-11-14 14:06:28]: 1062 (23000): Duplicate entry 'pfbid02x31qM5CfRrPKvJj6agaHBby8ZiNKdeX1ntsQGqnDauzU3beu2oVsTK3mP' for key 'posts.post_id' 
[2024-11-14 14:06:48]: 1062 (23000): Duplicate entry 'pfbid02xu9FVLGKPdsLf1dHoiTna1Li3aNMSxiS73pgHBb9fmG8zxejakMS99bAy' for key 'posts.post_id' 
[2024-11-14 14:09:02]: 1062 (23000): Duplicate entry 'pfbid02PhSX4TPDcPwNeuKszLwMsQLvz2vybwAtuMSgbKG8T3kBCwfuCi7HxG7xR' for key 'posts.post_id' 
[2024-11-14 14:09:12]: 1062 (23000): Duplicate entry 'pfbid02PhSX4TPDcPwNeuKszLwMsQLvz2vybwAtuMSgbKG8T3kBCwfuCi7HxG7xR' for key 'posts.post_id' 
[2024-11-14 14:09:31]: 1062 (23000): Duplicate entry 'pfbid0cuLFaDswYDfyfJx4L6E9dCAWyasdmAiDLXDLiMpDnSWBGCBK6BcFDPPuyG' for key 'posts.post_id' 
[2024-11-14 14:12:51]: 1062 (23000): Duplicate entry 'pfbid02z827VdSx4hYGfa3gXXDGRm8NFoZVX3QpfFe6yYYqPByU72uMBqzST96Ez' for key 'posts.post_id' 
[2024-11-14 14:13:10]: 1062 (23000): Duplicate entry 'pfbid0ApE6pG2UyhbtQojmSn8r8VPC5gxd64t8hBjeh23RzVUuvqU6bVNERAPxBi' for key 'posts.post_id' 
[2024-11-14 14:13:57]: 1062 (23000): Duplicate entry 'pfbid01M7ne1aZJ6F7BzAAVUhVNky1JhxuwZGD8Ti7c1iMD8BM45qDpFi7dBZKtj' for key 'posts.post_id' 
[2024-11-14 14:14:06]: 1062 (23000): Duplicate entry 'pfbid01M7ne1aZJ6F7BzAAVUhVNky1JhxuwZGD8Ti7c1iMD8BM45qDpFi7dBZKtj' for key 'posts.post_id' 
[2024-11-14 14:14:36]: 1062 (23000): Duplicate entry 'pfbid0TFrC2ijRfEvgVePpYWsuYatwxytH9rQgYgUNHYXHZbwfcuN3ZpvwkGqXz3' for key 'posts.post_id' 
[2024-11-14 14:15:35]: 1062 (23000): Duplicate entry 'pfbid0aHRQ6K3SB7gg9rw25RodAdnonyesyG6hgRJCMzgtZvN2S8y9PN69eWXv2b' for key 'posts.post_id' 
[2024-11-14 14:17:12]: 1062 (23000): Duplicate entry 'pfbid0251Xiiye3YZYs2uyboX14duFnERT8VdH1GKXEhm19y9bcN67KsmW1M8ipT' for key 'posts.post_id' 
[2024-11-14 14:17:32]: 1062 (23000): Duplicate entry 'pfbid02uGUad9jxjC3GgLFLP2bpfjx3VtSqmwPXrvbHX76oZXQazi94X2R3JSoAg' for key 'posts.post_id' 
[2024-11-14 14:20:15]: 1062 (23000): Duplicate entry 'pfbid02xwSF6MUV3kSpvvNmWdDYV9f6iBsYv9HZYicoJedThMDWAg9xpFtydhccs' for key 'posts.post_id' 
[2024-11-14 14:20:27]: 1062 (23000): Duplicate entry 'pfbid02xwSF6MUV3kSpvvNmWdDYV9f6iBsYv9HZYicoJedThMDWAg9xpFtydhccs' for key 'posts.post_id' 
[2024-11-14 14:21:53]: 1062 (23000): Duplicate entry 'pfbid0aMnmQRERJuBU6LAN23QFfAp7QaxKtgQX2LWibCGUuQHku3sL9UK7ubhoEo' for key 'posts.post_id' 
[2024-11-14 14:22:29]: 1062 (23000): Duplicate entry 'pfbid0228YkR6ee4k6x8EB2qWHwBBZxWpgkPMAUWAAHDoo6k8pAGJjoZ5hYx3UWf' for key 'posts.post_id' 
